<?xml version="1.0" encoding="UTF-8" standalone="no"?>
<beans xmlns="http://www.springframework.org/schema/beans" 
	xmlns:aop="http://www.springframework.org/schema/aop" 
	xmlns:context="http://www.springframework.org/schema/context" 
	xmlns:jee="http://www.springframework.org/schema/jee" 
	xmlns:tx="http://www.springframework.org/schema/tx" 
	xmlns:p="http://www.springframework.org/schema/p" 
	xmlns:xsi="http://www.w3.org/2001/XMLSchema-instance" 
	xsi:schemaLocation="http://www.springframework.org/schema/aop http://www.springframework.org/schema/aop/spring-aop-3.0.xsd
		http://www.springframework.org/schema/beans http://www.springframework.org/schema/beans/spring-beans-3.0.xsd
		http://www.springframework.org/schema/context http://www.springframework.org/schema/context/spring-context-3.0.xsd
		http://www.springframework.org/schema/jee http://www.springframework.org/schema/jee/spring-jee-3.0.xsd
		http://www.springframework.org/schema/tx http://www.springframework.org/schema/tx/spring-tx-3.0.xsd">
		
    <context:property-placeholder location="classpath:app.properties"/>

    <context:component-scan 
    	base-package="net.jsa.arealle.service.solr, net.jsa.arealle.service.mongo, net.jsa.arealle.task.util, net.jsa.arealle.task.process" />

	<bean id="stageDataSource" class="org.apache.commons.dbcp.BasicDataSource" destroy-method="close">
		<property name="driverClassName" value="${stage.db.driver}" />
		<property name="url" value="${stage.db.url}" />
		<property name="username" value="${stage.db.username}" />
		<property name="password" value="${stage.db.password}" />
	</bean>

	<bean id="stageDbClient" class="org.springframework.jdbc.core.namedparam.NamedParameterJdbcTemplate">
		<constructor-arg>
			<ref bean="stageDataSource"/>
		</constructor-arg>
	</bean>

	<bean id="featureSolrClient" class="org.apache.solr.client.solrj.impl.HttpSolrServer">
		<constructor-arg value="http://localhost:8983/solr/arealle_feature" />
	</bean>
	
	<bean id="propertySolrClient" class="org.apache.solr.client.solrj.impl.HttpSolrServer">
		<constructor-arg value="http://localhost:8983/solr/arealle_property" />
	</bean>
	
	<bean id="mongoClient" class="com.mongodb.MongoClient">
		<constructor-arg value="localhost" />
		<constructor-arg value="27017" />
	</bean>
	
</beans>
